<?xml version="1.0" encoding="UTF-8"?>
<robot generator="Robot 6.1.1 (Python 3.11.3 on win32)" generated="20231114 10:40:13.500" rpa="false" schemaversion="4">
<suite id="s1" name="Tests" source="C:\Users\Robo\Documents\madebyme\koulu\ohtu\palautusrepositorio\viikko3\login-robot\src\tests">
<suite id="s1-s1" name="Login" source="C:\Users\Robo\Documents\madebyme\koulu\ohtu\palautusrepositorio\viikko3\login-robot\src\tests\login.robot">
<test id="s1-s1-t1" name="Login With Correct Credentials" line="6">
<kw name="Create User And Input Login Command" type="SETUP">
<kw name="Create User" library="AppLibrary">
<arg>kalle</arg>
<arg>kalle123</arg>
<status status="PASS" starttime="20231114 10:40:13.544" endtime="20231114 10:40:13.544"/>
</kw>
<kw name="Input Login Command" library="resource">
<kw name="Input" library="AppLibrary">
<arg>login</arg>
<status status="PASS" starttime="20231114 10:40:13.544" endtime="20231114 10:40:13.544"/>
</kw>
<status status="PASS" starttime="20231114 10:40:13.544" endtime="20231114 10:40:13.544"/>
</kw>
<status status="PASS" starttime="20231114 10:40:13.543" endtime="20231114 10:40:13.544"/>
</kw>
<kw name="Input Credentials" library="resource">
<arg>kalle</arg>
<arg>kalle123</arg>
<kw name="Input" library="AppLibrary">
<arg>${username}</arg>
<status status="PASS" starttime="20231114 10:40:13.545" endtime="20231114 10:40:13.545"/>
</kw>
<kw name="Input" library="AppLibrary">
<arg>${password}</arg>
<status status="PASS" starttime="20231114 10:40:13.545" endtime="20231114 10:40:13.545"/>
</kw>
<kw name="Run Application" library="AppLibrary">
<status status="PASS" starttime="20231114 10:40:13.545" endtime="20231114 10:40:13.545"/>
</kw>
<status status="PASS" starttime="20231114 10:40:13.544" endtime="20231114 10:40:13.545"/>
</kw>
<kw name="Output Should Contain" library="AppLibrary">
<arg>Logged in</arg>
<status status="PASS" starttime="20231114 10:40:13.545" endtime="20231114 10:40:13.545"/>
</kw>
<status status="PASS" starttime="20231114 10:40:13.543" endtime="20231114 10:40:13.546"/>
</test>
<test id="s1-s1-t2" name="Login With Incorrect Password" line="10">
<kw name="Create User And Input Login Command" type="SETUP">
<kw name="Create User" library="AppLibrary">
<arg>kalle</arg>
<arg>kalle123</arg>
<status status="PASS" starttime="20231114 10:40:13.546" endtime="20231114 10:40:13.546"/>
</kw>
<kw name="Input Login Command" library="resource">
<kw name="Input" library="AppLibrary">
<arg>login</arg>
<status status="PASS" starttime="20231114 10:40:13.546" endtime="20231114 10:40:13.547"/>
</kw>
<status status="PASS" starttime="20231114 10:40:13.546" endtime="20231114 10:40:13.547"/>
</kw>
<status status="PASS" starttime="20231114 10:40:13.546" endtime="20231114 10:40:13.547"/>
</kw>
<kw name="Input Credentials" library="resource">
<arg>kalle</arg>
<arg>123</arg>
<kw name="Input" library="AppLibrary">
<arg>${username}</arg>
<status status="PASS" starttime="20231114 10:40:13.547" endtime="20231114 10:40:13.547"/>
</kw>
<kw name="Input" library="AppLibrary">
<arg>${password}</arg>
<status status="PASS" starttime="20231114 10:40:13.547" endtime="20231114 10:40:13.547"/>
</kw>
<kw name="Run Application" library="AppLibrary">
<status status="PASS" starttime="20231114 10:40:13.547" endtime="20231114 10:40:13.547"/>
</kw>
<status status="PASS" starttime="20231114 10:40:13.547" endtime="20231114 10:40:13.547"/>
</kw>
<kw name="Output Should Contain" library="AppLibrary">
<arg>Invalid username or password</arg>
<status status="PASS" starttime="20231114 10:40:13.547" endtime="20231114 10:40:13.547"/>
</kw>
<status status="PASS" starttime="20231114 10:40:13.546" endtime="20231114 10:40:13.548"/>
</test>
<test id="s1-s1-t3" name="Login With Nonexistent Username" line="14">
<kw name="Create User And Input Login Command" type="SETUP">
<kw name="Create User" library="AppLibrary">
<arg>kalle</arg>
<arg>kalle123</arg>
<status status="PASS" starttime="20231114 10:40:13.548" endtime="20231114 10:40:13.548"/>
</kw>
<kw name="Input Login Command" library="resource">
<kw name="Input" library="AppLibrary">
<arg>login</arg>
<status status="PASS" starttime="20231114 10:40:13.548" endtime="20231114 10:40:13.549"/>
</kw>
<status status="PASS" starttime="20231114 10:40:13.548" endtime="20231114 10:40:13.549"/>
</kw>
<status status="PASS" starttime="20231114 10:40:13.548" endtime="20231114 10:40:13.549"/>
</kw>
<kw name="Input Credentials" library="resource">
<arg>moi</arg>
<arg>kalle123</arg>
<kw name="Input" library="AppLibrary">
<arg>${username}</arg>
<status status="PASS" starttime="20231114 10:40:13.549" endtime="20231114 10:40:13.549"/>
</kw>
<kw name="Input" library="AppLibrary">
<arg>${password}</arg>
<status status="PASS" starttime="20231114 10:40:13.549" endtime="20231114 10:40:13.549"/>
</kw>
<kw name="Run Application" library="AppLibrary">
<status status="PASS" starttime="20231114 10:40:13.549" endtime="20231114 10:40:13.549"/>
</kw>
<status status="PASS" starttime="20231114 10:40:13.549" endtime="20231114 10:40:13.549"/>
</kw>
<kw name="Output Should Contain" library="AppLibrary">
<arg>Invalid username or password</arg>
<status status="PASS" starttime="20231114 10:40:13.549" endtime="20231114 10:40:13.549"/>
</kw>
<status status="PASS" starttime="20231114 10:40:13.548" endtime="20231114 10:40:13.549"/>
</test>
<status status="PASS" starttime="20231114 10:40:13.525" endtime="20231114 10:40:13.550"/>
</suite>
<suite id="s1-s2" name="Register" source="C:\Users\Robo\Documents\madebyme\koulu\ohtu\palautusrepositorio\viikko3\login-robot\src\tests\register.robot">
<test id="s1-s2-t1" name="Register With Valid Username And Password" line="6">
<kw name="Create User And Input New Command" type="SETUP">
<kw name="Create User" library="AppLibrary">
<arg>kalle</arg>
<arg>kalle123</arg>
<status status="PASS" starttime="20231114 10:40:13.555" endtime="20231114 10:40:13.555"/>
</kw>
<kw name="Input New Command" library="resource">
<kw name="Input" library="AppLibrary">
<arg>new</arg>
<status status="PASS" starttime="20231114 10:40:13.555" endtime="20231114 10:40:13.555"/>
</kw>
<status status="PASS" starttime="20231114 10:40:13.555" endtime="20231114 10:40:13.555"/>
</kw>
<status status="PASS" starttime="20231114 10:40:13.555" endtime="20231114 10:40:13.555"/>
</kw>
<kw name="Input Credentials" library="resource">
<arg>mina</arg>
<arg>12345678</arg>
<kw name="Input" library="AppLibrary">
<arg>${username}</arg>
<status status="PASS" starttime="20231114 10:40:13.556" endtime="20231114 10:40:13.556"/>
</kw>
<kw name="Input" library="AppLibrary">
<arg>${password}</arg>
<status status="PASS" starttime="20231114 10:40:13.556" endtime="20231114 10:40:13.556"/>
</kw>
<kw name="Run Application" library="AppLibrary">
<status status="PASS" starttime="20231114 10:40:13.556" endtime="20231114 10:40:13.556"/>
</kw>
<status status="PASS" starttime="20231114 10:40:13.555" endtime="20231114 10:40:13.556"/>
</kw>
<kw name="Output Should Contain" library="AppLibrary">
<arg>New user registered</arg>
<status status="PASS" starttime="20231114 10:40:13.556" endtime="20231114 10:40:13.556"/>
</kw>
<status status="PASS" starttime="20231114 10:40:13.554" endtime="20231114 10:40:13.556"/>
</test>
<test id="s1-s2-t2" name="Register With Already Taken Username And Valid Password" line="10">
<kw name="Create User And Input New Command" type="SETUP">
<kw name="Create User" library="AppLibrary">
<arg>kalle</arg>
<arg>kalle123</arg>
<status status="PASS" starttime="20231114 10:40:13.557" endtime="20231114 10:40:13.557"/>
</kw>
<kw name="Input New Command" library="resource">
<kw name="Input" library="AppLibrary">
<arg>new</arg>
<status status="PASS" starttime="20231114 10:40:13.557" endtime="20231114 10:40:13.557"/>
</kw>
<status status="PASS" starttime="20231114 10:40:13.557" endtime="20231114 10:40:13.557"/>
</kw>
<status status="PASS" starttime="20231114 10:40:13.557" endtime="20231114 10:40:13.557"/>
</kw>
<kw name="Input Credentials" library="resource">
<arg>kalle</arg>
<arg>12345678</arg>
<kw name="Input" library="AppLibrary">
<arg>${username}</arg>
<status status="PASS" starttime="20231114 10:40:13.558" endtime="20231114 10:40:13.558"/>
</kw>
<kw name="Input" library="AppLibrary">
<arg>${password}</arg>
<status status="PASS" starttime="20231114 10:40:13.558" endtime="20231114 10:40:13.558"/>
</kw>
<kw name="Run Application" library="AppLibrary">
<status status="PASS" starttime="20231114 10:40:13.558" endtime="20231114 10:40:13.558"/>
</kw>
<status status="PASS" starttime="20231114 10:40:13.557" endtime="20231114 10:40:13.558"/>
</kw>
<kw name="Output Should Contain" library="AppLibrary">
<arg>Username is already taken</arg>
<status status="PASS" starttime="20231114 10:40:13.558" endtime="20231114 10:40:13.558"/>
</kw>
<status status="PASS" starttime="20231114 10:40:13.557" endtime="20231114 10:40:13.558"/>
</test>
<test id="s1-s2-t3" name="Register With Too Short Username And Valid Password" line="14">
<kw name="Create User And Input New Command" type="SETUP">
<kw name="Create User" library="AppLibrary">
<arg>kalle</arg>
<arg>kalle123</arg>
<status status="PASS" starttime="20231114 10:40:13.559" endtime="20231114 10:40:13.559"/>
</kw>
<kw name="Input New Command" library="resource">
<kw name="Input" library="AppLibrary">
<arg>new</arg>
<status status="PASS" starttime="20231114 10:40:13.559" endtime="20231114 10:40:13.559"/>
</kw>
<status status="PASS" starttime="20231114 10:40:13.559" endtime="20231114 10:40:13.559"/>
</kw>
<status status="PASS" starttime="20231114 10:40:13.559" endtime="20231114 10:40:13.559"/>
</kw>
<kw name="Input Credentials" library="resource">
<arg>mo</arg>
<arg>12345678</arg>
<kw name="Input" library="AppLibrary">
<arg>${username}</arg>
<status status="PASS" starttime="20231114 10:40:13.560" endtime="20231114 10:40:13.560"/>
</kw>
<kw name="Input" library="AppLibrary">
<arg>${password}</arg>
<status status="PASS" starttime="20231114 10:40:13.560" endtime="20231114 10:40:13.560"/>
</kw>
<kw name="Run Application" library="AppLibrary">
<status status="PASS" starttime="20231114 10:40:13.560" endtime="20231114 10:40:13.560"/>
</kw>
<status status="PASS" starttime="20231114 10:40:13.559" endtime="20231114 10:40:13.560"/>
</kw>
<kw name="Output Should Contain" library="AppLibrary">
<arg>Username is too short, it should be at least 3 characters long</arg>
<status status="PASS" starttime="20231114 10:40:13.560" endtime="20231114 10:40:13.560"/>
</kw>
<status status="PASS" starttime="20231114 10:40:13.558" endtime="20231114 10:40:13.560"/>
</test>
<test id="s1-s2-t4" name="Register With Enough Long But Invald Username And Valid Password" line="18">
<kw name="Create User And Input New Command" type="SETUP">
<kw name="Create User" library="AppLibrary">
<arg>kalle</arg>
<arg>kalle123</arg>
<status status="PASS" starttime="20231114 10:40:13.561" endtime="20231114 10:40:13.561"/>
</kw>
<kw name="Input New Command" library="resource">
<kw name="Input" library="AppLibrary">
<arg>new</arg>
<status status="PASS" starttime="20231114 10:40:13.561" endtime="20231114 10:40:13.561"/>
</kw>
<status status="PASS" starttime="20231114 10:40:13.561" endtime="20231114 10:40:13.561"/>
</kw>
<status status="PASS" starttime="20231114 10:40:13.561" endtime="20231114 10:40:13.561"/>
</kw>
<kw name="Input Credentials" library="resource">
<arg>mo1</arg>
<arg>12345678</arg>
<kw name="Input" library="AppLibrary">
<arg>${username}</arg>
<status status="PASS" starttime="20231114 10:40:13.562" endtime="20231114 10:40:13.562"/>
</kw>
<kw name="Input" library="AppLibrary">
<arg>${password}</arg>
<status status="PASS" starttime="20231114 10:40:13.562" endtime="20231114 10:40:13.562"/>
</kw>
<kw name="Run Application" library="AppLibrary">
<status status="PASS" starttime="20231114 10:40:13.562" endtime="20231114 10:40:13.562"/>
</kw>
<status status="PASS" starttime="20231114 10:40:13.561" endtime="20231114 10:40:13.562"/>
</kw>
<kw name="Output Should Contain" library="AppLibrary">
<arg>Invalid username, it should only contain letters from a-z</arg>
<status status="PASS" starttime="20231114 10:40:13.562" endtime="20231114 10:40:13.562"/>
</kw>
<status status="PASS" starttime="20231114 10:40:13.560" endtime="20231114 10:40:13.562"/>
</test>
<test id="s1-s2-t5" name="Register With Valid Username And Too Short Password" line="22">
<kw name="Create User And Input New Command" type="SETUP">
<kw name="Create User" library="AppLibrary">
<arg>kalle</arg>
<arg>kalle123</arg>
<status status="PASS" starttime="20231114 10:40:13.563" endtime="20231114 10:40:13.563"/>
</kw>
<kw name="Input New Command" library="resource">
<kw name="Input" library="AppLibrary">
<arg>new</arg>
<status status="PASS" starttime="20231114 10:40:13.563" endtime="20231114 10:40:13.563"/>
</kw>
<status status="PASS" starttime="20231114 10:40:13.563" endtime="20231114 10:40:13.563"/>
</kw>
<status status="PASS" starttime="20231114 10:40:13.563" endtime="20231114 10:40:13.563"/>
</kw>
<kw name="Input Credentials" library="resource">
<arg>mina</arg>
<arg>1234</arg>
<kw name="Input" library="AppLibrary">
<arg>${username}</arg>
<status status="PASS" starttime="20231114 10:40:13.564" endtime="20231114 10:40:13.564"/>
</kw>
<kw name="Input" library="AppLibrary">
<arg>${password}</arg>
<status status="PASS" starttime="20231114 10:40:13.564" endtime="20231114 10:40:13.564"/>
</kw>
<kw name="Run Application" library="AppLibrary">
<status status="PASS" starttime="20231114 10:40:13.564" endtime="20231114 10:40:13.564"/>
</kw>
<status status="PASS" starttime="20231114 10:40:13.564" endtime="20231114 10:40:13.564"/>
</kw>
<kw name="Output Should Contain" library="AppLibrary">
<arg>Password is too short, it should be at least 8 characters long</arg>
<status status="PASS" starttime="20231114 10:40:13.564" endtime="20231114 10:40:13.564"/>
</kw>
<status status="PASS" starttime="20231114 10:40:13.562" endtime="20231114 10:40:13.564"/>
</test>
<test id="s1-s2-t6" name="Register With Valid Username And Long Enough Password Containing Only Letters" line="26">
<kw name="Create User And Input New Command" type="SETUP">
<kw name="Create User" library="AppLibrary">
<arg>kalle</arg>
<arg>kalle123</arg>
<status status="PASS" starttime="20231114 10:40:13.565" endtime="20231114 10:40:13.565"/>
</kw>
<kw name="Input New Command" library="resource">
<kw name="Input" library="AppLibrary">
<arg>new</arg>
<status status="PASS" starttime="20231114 10:40:13.565" endtime="20231114 10:40:13.565"/>
</kw>
<status status="PASS" starttime="20231114 10:40:13.565" endtime="20231114 10:40:13.565"/>
</kw>
<status status="PASS" starttime="20231114 10:40:13.565" endtime="20231114 10:40:13.565"/>
</kw>
<kw name="Input Credentials" library="resource">
<arg>mina</arg>
<arg>abcdefgh</arg>
<kw name="Input" library="AppLibrary">
<arg>${username}</arg>
<status status="PASS" starttime="20231114 10:40:13.566" endtime="20231114 10:40:13.566"/>
</kw>
<kw name="Input" library="AppLibrary">
<arg>${password}</arg>
<status status="PASS" starttime="20231114 10:40:13.566" endtime="20231114 10:40:13.566"/>
</kw>
<kw name="Run Application" library="AppLibrary">
<status status="PASS" starttime="20231114 10:40:13.566" endtime="20231114 10:40:13.566"/>
</kw>
<status status="PASS" starttime="20231114 10:40:13.565" endtime="20231114 10:40:13.566"/>
</kw>
<kw name="Output Should Contain" library="AppLibrary">
<arg>Invalid password, it should contain at least 1 number</arg>
<status status="PASS" starttime="20231114 10:40:13.566" endtime="20231114 10:40:13.566"/>
</kw>
<status status="PASS" starttime="20231114 10:40:13.564" endtime="20231114 10:40:13.566"/>
</test>
<status status="PASS" starttime="20231114 10:40:13.550" endtime="20231114 10:40:13.566"/>
</suite>
<status status="PASS" starttime="20231114 10:40:13.502" endtime="20231114 10:40:13.567"/>
</suite>
<statistics>
<total>
<stat pass="9" fail="0" skip="0">All Tests</stat>
</total>
<tag>
</tag>
<suite>
<stat pass="9" fail="0" skip="0" id="s1" name="Tests">Tests</stat>
<stat pass="3" fail="0" skip="0" id="s1-s1" name="Login">Tests.Login</stat>
<stat pass="6" fail="0" skip="0" id="s1-s2" name="Register">Tests.Register</stat>
</suite>
</statistics>
<errors>
</errors>
</robot>
